2025-10-14 21:54:46,391 - INFO - ENHANCED STOCK RETRIEVAL SCRIPT - WORKING VERSION WITH PROXIES
2025-10-14 21:54:46,391 - INFO - ============================================================
2025-10-14 21:54:46,391 - INFO - Configuration:
2025-10-14 21:54:46,391 - INFO -   CSV File: flat-ui__data-Fri Aug 01 2025.csv
2025-10-14 21:54:46,391 - INFO -   Test Mode: True
2025-10-14 21:54:46,391 - INFO -   Use Proxies: True
2025-10-14 21:54:46,391 - INFO -   Proxy File: /workspace/backend/working_proxies.json
2025-10-14 21:54:46,391 - INFO -   Threads: 15
2025-10-14 21:54:46,391 - INFO -   Timeout: 8s
2025-10-14 21:54:46,391 - INFO -   Max Symbols: 100
2025-10-14 21:54:46,391 - INFO -   Save to DB: False
2025-10-14 21:54:46,391 - INFO -   Schedule Mode: False
2025-10-14 21:54:46,391 - INFO -   Daily Update: False
2025-10-14 21:54:46,391 - INFO - ============================================================
2025-10-14 21:54:46,391 - INFO - ============================================================
2025-10-14 21:54:46,391 - INFO - STOCK UPDATE CYCLE - 2025-10-14 21:54:46
2025-10-14 21:54:46,391 - INFO - ============================================================
2025-10-14 21:54:46,391 - INFO - Loading combined tickers list (NASDAQ + NYSE/AMEX)...
2025-10-14 21:54:46,405 - INFO - Loaded 100 combined tickers from combined_tickers_20250921_181527.py
2025-10-14 21:54:46,406 - INFO - Processing 100 symbols...
2025-10-14 21:54:46,406 - INFO - Loading proxies from /workspace/backend/working_proxies.json...
2025-10-14 21:54:46,406 - INFO - Loaded 384 proxies directly from /workspace/backend/working_proxies.json
2025-10-14 21:54:46,406 - INFO - SUCCESS: Loaded 384 proxies (no validation)
2025-10-14 21:54:46,406 - INFO - Starting to process 100 symbols...
2025-10-14 21:54:46,406 - INFO - ============================================================
2025-10-14 21:54:46,406 - INFO - Submitting 100 tasks to thread pool...
2025-10-14 21:54:46,407 - INFO - A (attempt 1): Using proxy http://90.162.35.34:80
2025-10-14 21:54:46,407 - INFO - AA (attempt 1): Using proxy http://90.162.35.34:80
2025-10-14 21:54:46,407 - INFO - AAA (attempt 1): Using proxy http://90.162.35.34:80
2025-10-14 21:54:46,408 - INFO - AAAA (attempt 1): Using proxy http://90.162.35.34:80
2025-10-14 21:54:46,408 - INFO - AAAU (attempt 1): Using proxy http://90.162.35.34:80
2025-10-14 21:54:46,412 - INFO - Submitted 100 tasks. Processing...
2025-10-14 21:54:47,265 - WARNING - AACT.U: Non-proxy error: 'currentTradingPeriod'
2025-10-14 21:54:47,275 - WARNING - AACT.W: Non-proxy error: 'currentTradingPeriod'
2025-10-14 21:54:48,761 - INFO - [PROGRESS] 10/100 completed (8 successful, 2 failed)
2025-10-14 21:54:48,951 - WARNING - AAM.U: Non-proxy error: 'currentTradingPeriod'
2025-10-14 21:54:49,319 - WARNING - AAM.W: Non-proxy error: 'currentTradingPeriod'
2025-10-14 21:54:50,863 - INFO - [PROGRESS] 20/100 completed (16 successful, 4 failed)
2025-10-14 21:54:51,164 - INFO - [PROGRESS] 30/100 completed (26 successful, 4 failed)
2025-10-14 21:54:53,203 - INFO - [PROGRESS] 40/100 completed (36 successful, 4 failed)
2025-10-14 21:54:53,335 - WARNING - ABR$D: Skipping invalid or preferred share ticker format
2025-10-14 21:54:53,350 - WARNING - ABR$E: Skipping invalid or preferred share ticker format
2025-10-14 21:54:53,371 - WARNING - ABR$F: Skipping invalid or preferred share ticker format
2025-10-14 21:54:53,408 - INFO - [PROGRESS] 50/100 completed (43 successful, 7 failed)
2025-10-14 21:54:55,435 - INFO - [PROGRESS] 60/100 completed (53 successful, 7 failed)
2025-10-14 21:54:57,392 - INFO - [PROGRESS] 70/100 completed (63 successful, 7 failed)
2025-10-14 21:54:57,792 - INFO - [PROGRESS] 80/100 completed (73 successful, 7 failed)
2025-10-14 21:54:58,057 - WARNING - ACHR.W: Non-proxy error: 'currentTradingPeriod'
2025-10-14 21:54:59,678 - INFO - [PROGRESS] 90/100 completed (82 successful, 8 failed)
2025-10-14 21:55:01,542 - INFO - [PROGRESS] 100/100 completed (92 successful, 8 failed)
2025-10-14 21:55:01,555 - INFO - ============================================================
2025-10-14 21:55:01,555 - INFO - CYCLE RESULTS
2025-10-14 21:55:01,555 - INFO - ============================================================
2025-10-14 21:55:01,555 - INFO - SUCCESSFUL: 92
2025-10-14 21:55:01,555 - INFO - FAILED: 8
2025-10-14 21:55:01,555 - INFO - SUCCESS RATE: 92.0%
2025-10-14 21:55:01,555 - INFO - TIME: 15.15s
2025-10-14 21:55:01,556 - INFO - RATE: 6.60 symbols/sec
2025-10-14 21:55:01,556 - INFO - PROXY STATS: Used 384 proxies
2025-10-14 21:55:01,556 - INFO - PROXY HEALTH: 384 healthy, 0 blocked
2025-10-14 21:55:01,556 - INFO - PROXY SUCCESS RATE: 100.0% (100 successes, 0 failures)
2025-10-14 21:55:01,556 - INFO - CYCLE COMPLETED: 2025-10-14 21:55:01
2025-10-14 21:55:01,556 - INFO - ============================================================
2025-10-14 21:55:01,556 - INFO - Script completed!
