[2026-01-01 09:22:39] [INFO] Starting Stock Scanner Tunnel - Resilient Version
[2026-01-01 09:22:39] [INFO] Using cloudflared command: /c/Stock-scanner-project/v2mvp-stock-scanner-complete/stock-scanner-complete/backend/cloudflared.exe
[2026-01-01 09:22:42] [INFO] Fixing DNS configuration...
[2026-01-01 09:22:43] [INFO] Skipping Windows DNS changes (admin privileges required).
[2026-01-01 09:22:45] [INFO] DNS configuration refreshed
[2026-01-01 09:22:45] [INFO] Windows sleep prevention activated
[2026-01-01 09:22:46] [INFO] Starting Cloudflare tunnel (attempt 1/10)...
[2026-01-01 09:22:58] [INFO] Cloudflare tunnel started successfully (PID: 84496)
[2026-01-01 09:22:58] [INFO] Starting Django server...
[2026-01-01 09:23:02] [INFO] Django server started successfully (PID: 1053249)
[2026-01-01 09:23:07] [ERROR] Tunnel process died, restarting...
[2026-01-01 09:23:07] [INFO] Starting Cloudflare tunnel (attempt 1/10)...
[2026-01-01 09:23:19] [INFO] Cloudflare tunnel started successfully (PID: 1053273)
[2026-01-01 09:23:37] [ERROR] Django server died, restarting...
[2026-01-01 09:23:37] [INFO] Starting Django server...
[2026-01-01 09:23:41] [INFO] Django server started successfully (PID: 1053304)
[2026-01-01 09:24:16] [ERROR] Django server died, restarting...
[2026-01-01 09:24:17] [INFO] Starting Django server...
[2026-01-01 09:24:21] [INFO] Django server started successfully (PID: 1053338)
[2026-01-01 09:24:37] [INFO] Shutting down services...
[2026-01-01 09:24:39] [INFO] Windows sleep settings restored
[2026-01-01 09:24:40] [INFO] All services stopped. Total restarts: 1
[2026-01-01 09:31:41] [INFO] Starting Stock Scanner Tunnel - Resilient Version
[2026-01-01 09:31:42] [INFO] Using cloudflared command: /c/Stock-scanner-project/v2mvp-stock-scanner-complete/stock-scanner-complete/backend/cloudflared.exe
[2026-01-01 09:31:44] [INFO] Fixing DNS configuration...
[2026-01-01 09:31:45] [INFO] Skipping Windows DNS changes (admin privileges required).
[2026-01-01 09:31:47] [INFO] DNS configuration refreshed
[2026-01-01 09:31:48] [INFO] Windows sleep prevention activated
[2026-01-01 09:31:48] [INFO] Starting Cloudflare tunnel (attempt 1/10)...
[2026-01-01 09:31:52] [ERROR] Tunnel process died, restarting...
[2026-01-01 09:31:53] [INFO] Starting Cloudflare tunnel (attempt 1/10)...
[2026-01-01 09:32:02] [INFO] Cloudflare tunnel started successfully (PID: 115776)
[2026-01-01 09:32:02] [INFO] Starting Django server...
[2026-01-01 09:32:06] [INFO] Cloudflare tunnel started successfully (PID: 1053968)
[2026-01-01 09:32:08] [ERROR] Failed to start Django server. See above logs for details.
[2026-01-01 09:32:08] [INFO] Shutting down services...
[2026-01-01 09:32:17] [INFO] Windows sleep settings restored
[2026-01-01 09:32:17] [INFO] All services stopped. Total restarts: 1
[2026-01-01 09:32:33] [ERROR] Tunnel process died, restarting...
[2026-01-01 09:32:34] [INFO] Starting Cloudflare tunnel (attempt 1/10)...
[2026-01-01 09:32:47] [INFO] Cloudflare tunnel started successfully (PID: 1054030)
[2026-01-01 09:47:14] [INFO] Starting Stock Scanner Tunnel - Resilient Version
[2026-01-01 09:47:14] [INFO] Using cloudflared command: /c/Stock-scanner-project/v2mvp-stock-scanner-complete/stock-scanner-complete/backend/cloudflared.exe
[2026-01-01 09:47:17] [INFO] Fixing DNS configuration...
[2026-01-01 09:47:17] [INFO] Skipping Windows DNS changes (admin privileges required).
[2026-01-01 09:47:19] [INFO] DNS configuration refreshed
[2026-01-01 09:47:20] [INFO] Windows sleep prevention activated
[2026-01-01 09:47:20] [INFO] Starting Cloudflare tunnel (attempt 1/10)...
[2026-01-01 09:47:32] [ERROR] Tunnel process died, restarting...
[2026-01-01 09:47:33] [INFO] Starting Cloudflare tunnel (attempt 1/10)...
[2026-01-01 09:47:36] [INFO] Cloudflare tunnel started successfully (PID: INFO:Notasksarerunningwhichmatchthespecifiedcriteria.)
[2026-01-01 09:47:36] [INFO] Starting Django server...
[2026-01-01 09:47:41] [ERROR] Failed to start Django server. See above logs for details.
[2026-01-01 09:47:42] [INFO] Shutting down services...
[2026-01-01 09:47:46] [INFO] Cloudflare tunnel started successfully (PID: 1054533)
[2026-01-01 09:47:51] [INFO] Windows sleep settings restored
[2026-01-01 09:47:51] [INFO] All services stopped. Total restarts: 1
[2026-01-01 10:01:33] [INFO] Starting Stock Scanner Tunnel - Resilient Version
[2026-01-01 10:01:33] [INFO] Using cloudflared command: /c/Stock-scanner-project/v2mvp-stock-scanner-complete/stock-scanner-complete/backend/cloudflared.exe
[2026-01-01 10:01:36] [INFO] Fixing DNS configuration...
[2026-01-01 10:01:38] [INFO] Skipping Windows DNS changes (admin privileges required).
[2026-01-01 10:01:40] [INFO] DNS configuration refreshed
[2026-01-01 10:01:41] [INFO] Windows sleep prevention activated
[2026-01-01 10:01:41] [INFO] Starting Cloudflare tunnel (attempt 1/10)...
[2026-01-01 10:01:56] [INFO] Cloudflare tunnel started successfully (PID: 79384)
[2026-01-01 10:01:56] [INFO] Starting Django server...
[2026-01-01 10:01:57] [ERROR] Tunnel process died, restarting...
[2026-01-01 10:01:58] [INFO] Starting Cloudflare tunnel (attempt 1/10)...
[2026-01-01 10:02:04] [ERROR] Failed to start Django server. See above logs for details.
[2026-01-01 10:02:05] [INFO] Shutting down services...
[2026-01-01 10:02:16] [INFO] Cloudflare tunnel started successfully (PID: 1055530)
[2026-01-01 10:02:16] [INFO] Windows sleep settings restored
[2026-01-01 10:02:16] [INFO] All services stopped. Total restarts: 1
[2026-01-01 10:56:21] [INFO] Starting Stock Scanner Tunnel - Resilient Version
[2026-01-01 10:56:21] [INFO] Using cloudflared command: /c/Stock-scanner-project/v2mvp-stock-scanner-complete/stock-scanner-complete/backend/cloudflared.exe
[2026-01-01 10:56:26] [INFO] Fixing DNS configuration...
[2026-01-01 10:56:27] [INFO] Skipping Windows DNS changes (admin privileges required).
[2026-01-01 10:56:30] [INFO] DNS configuration refreshed
[2026-01-01 10:56:30] [INFO] Windows sleep prevention activated
[2026-01-01 10:56:31] [INFO] Starting Cloudflare tunnel (attempt 1/10)...
[2026-01-01 10:56:39] [ERROR] Tunnel process died, restarting...
[2026-01-01 10:56:40] [INFO] Starting Cloudflare tunnel (attempt 1/10)...
[2026-01-01 10:56:47] [INFO] Cloudflare tunnel started successfully (PID: 110520)
[2026-01-01 10:56:47] [INFO] Starting Django server...
[2026-01-01 10:56:47] [INFO] Waiting for Django to start on port 8000...
[2026-01-01 10:56:50] [INFO] Django server is responding on port 8000
[2026-01-01 10:56:54] [INFO] Cloudflare tunnel started successfully (PID: 1057199)
[2026-01-01 10:56:55] [INFO] Django server started successfully (PID: 1057211)
[2026-01-01 10:57:31] [ERROR] Django server died, restarting...
[2026-01-01 10:57:32] [INFO] Starting Django server...
[2026-01-01 10:57:32] [INFO] Waiting for Django to start on port 8000...
[2026-01-01 10:57:36] [INFO] Django server is responding on port 8000
[2026-01-01 10:57:40] [INFO] Django server started successfully (PID: 1057269)
[2026-01-01 10:58:13] [ERROR] Django server died, restarting...
[2026-01-01 10:58:14] [INFO] Starting Django server...
[2026-01-01 10:58:15] [INFO] Waiting for Django to start on port 8000...
[2026-01-01 10:58:18] [INFO] Django server is responding on port 8000
[2026-01-01 10:58:22] [INFO] Django server started successfully (PID: 1057308)
[2026-01-01 10:59:02] [ERROR] Django server died, restarting...
[2026-01-01 10:59:02] [INFO] Starting Django server...
[2026-01-01 10:59:03] [INFO] Waiting for Django to start on port 8000...
[2026-01-01 10:59:10] [INFO] Django server is responding on port 8000
[2026-01-01 10:59:14] [INFO] Django server started successfully (PID: 1057361)
[2026-01-01 10:59:52] [ERROR] Django server died, restarting...
[2026-01-01 10:59:52] [INFO] Starting Django server...
[2026-01-01 10:59:53] [INFO] Waiting for Django to start on port 8000...
[2026-01-01 10:59:56] [INFO] Django server is responding on port 8000
[2026-01-01 11:00:01] [INFO] Django server started successfully (PID: 1057437)
[2026-01-01 11:00:41] [ERROR] Django server died, restarting...
[2026-01-01 11:00:41] [INFO] Starting Django server...
[2026-01-01 11:00:42] [INFO] Waiting for Django to start on port 8000...
[2026-01-01 11:00:49] [INFO] Django server is responding on port 8000
[2026-01-01 11:00:52] [INFO] Django server started successfully (PID: 1057512)
[2026-01-01 11:01:29] [ERROR] Django server died, restarting...
[2026-01-01 11:01:30] [INFO] Starting Django server...
[2026-01-01 11:01:31] [INFO] Waiting for Django to start on port 8000...
[2026-01-01 11:01:35] [ERROR] Tunnel process died, restarting...
[2026-01-01 11:01:35] [INFO] Django server is responding on port 8000
[2026-01-01 11:01:36] [INFO] Starting Cloudflare tunnel (attempt 1/10)...
[2026-01-01 11:01:39] [INFO] Django server started successfully (PID: 1057597)
[2026-01-01 11:01:58] [INFO] Cloudflare tunnel started successfully (PID: 1057625)
[2026-01-01 11:02:24] [ERROR] Django server died, restarting...
[2026-01-01 11:02:26] [INFO] Starting Django server...
[2026-01-01 11:02:29] [INFO] Waiting for Django to start on port 8000...
[2026-01-01 11:02:33] [INFO] Django server is responding on port 8000
[2026-01-01 11:02:34] [INFO] Django server started successfully (PID: 1057692)
[2026-01-01 11:03:09] [ERROR] Django server died, restarting...
[2026-01-01 11:03:10] [INFO] Starting Django server...
[2026-01-01 11:03:11] [INFO] Waiting for Django to start on port 8000...
[2026-01-01 11:03:14] [INFO] Django server is responding on port 8000
[2026-01-01 11:03:17] [INFO] Django server started successfully (PID: 1057766)
[2026-01-01 11:03:54] [ERROR] Django server died, restarting...
[2026-01-01 11:03:55] [INFO] Starting Django server...
[2026-01-01 11:03:55] [INFO] Waiting for Django to start on port 8000...
[2026-01-01 11:03:58] [INFO] Django server is responding on port 8000
[2026-01-01 11:04:00] [INFO] Django server started successfully (PID: 1057875)
[2026-01-01 11:04:37] [ERROR] Django server died, restarting...
[2026-01-01 11:04:37] [INFO] Starting Django server...
[2026-01-01 11:04:37] [INFO] Waiting for Django to start on port 8000...
[2026-01-01 11:04:39] [INFO] Django server is responding on port 8000
[2026-01-01 11:04:42] [INFO] Django server started successfully (PID: 1057930)
[2026-01-01 11:05:16] [ERROR] Django server died, restarting...
[2026-01-01 11:05:17] [INFO] Starting Django server...
[2026-01-01 11:05:17] [INFO] Waiting for Django to start on port 8000...
[2026-01-01 11:05:21] [INFO] Django server is responding on port 8000
[2026-01-01 11:05:24] [INFO] Django server started successfully (PID: 1057980)
[2026-01-01 11:05:28] [INFO] Starting Stock Scanner Tunnel - Resilient Version
[2026-01-01 11:05:28] [INFO] Using cloudflared command: /c/Stock-scanner-project/v2mvp-stock-scanner-complete/stock-scanner-complete/backend/cloudflared.exe
[2026-01-01 11:05:33] [INFO] Fixing DNS configuration...
[2026-01-01 11:05:35] [INFO] Skipping Windows DNS changes (admin privileges required).
[2026-01-01 11:05:37] [INFO] DNS configuration refreshed
[2026-01-01 11:05:37] [INFO] Windows sleep prevention activated
[2026-01-01 11:05:37] [INFO] Starting Cloudflare tunnel (attempt 1/10)...
[2026-01-01 11:05:53] [INFO] Cloudflare tunnel started successfully (PID: 24812)
[2026-01-01 11:05:54] [INFO] Starting Django server...
[2026-01-01 11:05:54] [INFO] Waiting for Django to start on port 8000...
[2026-01-01 11:05:55] [ERROR] Tunnel process died, restarting...
[2026-01-01 11:05:56] [INFO] Starting Cloudflare tunnel (attempt 1/10)...
[2026-01-01 11:05:58] [INFO] Django server is responding on port 8000
[2026-01-01 11:06:00] [INFO] Django server started successfully (PID: 1058042)
[2026-01-01 11:06:05] [ERROR] Django server died, restarting...
[2026-01-01 11:06:06] [INFO] Starting Django server...
[2026-01-01 11:06:08] [INFO] Waiting for Django to start on port 8000...
[2026-01-01 11:06:12] [INFO] Django server is responding on port 8000
[2026-01-01 11:06:18] [INFO] Django server started successfully (PID: 1058080)
[2026-01-01 11:06:18] [INFO] Cloudflare tunnel started successfully (PID: 1058071)
[2026-01-01 11:06:42] [ERROR] Django server died, restarting...
[2026-01-01 11:06:43] [INFO] Starting Django server...
[2026-01-01 11:06:43] [INFO] Waiting for Django to start on port 8000...
[2026-01-01 11:06:50] [INFO] Django server is responding on port 8000
[2026-01-01 11:06:54] [INFO] Django server started successfully (PID: 1058131)
[2026-01-01 11:07:04] [INFO] Shutting down services...
[2026-01-01 11:07:07] [ERROR] Django server died, restarting...
[2026-01-01 11:07:07] [INFO] Starting Django server...
[2026-01-01 11:07:08] [INFO] Waiting for Django to start on port 8000...
[2026-01-01 11:07:11] [INFO] Django server is responding on port 8000
[2026-01-01 11:07:16] [INFO] Django server started successfully (PID: 1058170)
[2026-01-01 11:07:25] [INFO] Windows sleep settings restored
[2026-01-01 11:07:26] [INFO] All services stopped. Total restarts: 1
[2026-01-01 11:07:48] [ERROR] Django server died, restarting...
[2026-01-01 11:07:49] [INFO] Starting Django server...
[2026-01-01 11:07:49] [INFO] Waiting for Django to start on port 8000...
[2026-01-01 11:07:52] [INFO] Django server is responding on port 8000
[2026-01-01 11:07:56] [INFO] Django server started successfully (PID: 1058230)
[2026-01-01 11:08:29] [ERROR] Django server died, restarting...
[2026-01-01 11:08:29] [INFO] Starting Django server...
[2026-01-01 11:08:30] [INFO] Waiting for Django to start on port 8000...
[2026-01-01 11:08:34] [INFO] Django server is responding on port 8000
[2026-01-01 11:08:36] [INFO] Django server started successfully (PID: 1058281)
[2026-01-01 11:09:14] [ERROR] Django server died, restarting...
[2026-01-01 11:09:14] [INFO] Starting Django server...
[2026-01-01 11:09:14] [INFO] Waiting for Django to start on port 8000...
[2026-01-01 11:09:17] [INFO] Django server is responding on port 8000
[2026-01-01 11:09:20] [INFO] Django server started successfully (PID: 1058372)
[2026-01-01 11:09:53] [ERROR] Django server died, restarting...
[2026-01-01 11:09:53] [INFO] Starting Django server...
[2026-01-01 11:09:54] [INFO] Waiting for Django to start on port 8000...
[2026-01-01 11:09:57] [INFO] Django server is responding on port 8000
[2026-01-01 11:09:59] [INFO] Django server started successfully (PID: 1058470)
[2026-01-01 11:10:26] [INFO] Starting Stock Scanner Tunnel - Resilient Version
[2026-01-01 11:10:26] [INFO] Using cloudflared command: /c/Stock-scanner-project/v2mvp-stock-scanner-complete/stock-scanner-complete/backend/cloudflared.exe
[2026-01-01 11:10:29] [INFO] Fixing DNS configuration...
[2026-01-01 11:10:30] [INFO] Skipping Windows DNS changes (admin privileges required).
[2026-01-01 11:10:33] [INFO] DNS configuration refreshed
[2026-01-01 11:10:35] [INFO] Windows sleep prevention activated
[2026-01-01 11:10:35] [ERROR] Django server died, restarting...
[2026-01-01 11:10:35] [INFO] Starting Cloudflare tunnel (attempt 1/10)...
[2026-01-01 11:10:36] [INFO] Starting Django server...
[2026-01-01 11:10:37] [INFO] Waiting for Django to start on port 8000...
[2026-01-01 11:10:41] [INFO] Django server is responding on port 8000
[2026-01-01 11:10:44] [INFO] Django server started successfully (PID: 1058542)
[2026-01-01 11:10:56] [ERROR] Tunnel process died, restarting...
[2026-01-01 11:10:56] [INFO] Starting Cloudflare tunnel (attempt 1/10)...
[2026-01-01 11:10:57] [INFO] Cloudflare tunnel started successfully (PID: INFO:Notasksarerunningwhichmatchthespecifiedcriteria.)
[2026-01-01 11:10:57] [INFO] Starting Django server...
[2026-01-01 11:10:58] [INFO] Waiting for Django to start on port 8000...
[2026-01-01 11:11:05] [INFO] Django server is responding on port 8000
[2026-01-01 11:11:09] [INFO] Django server started successfully (PID: 1058583)
[2026-01-01 11:11:20] [ERROR] Django server died, restarting...
[2026-01-01 11:11:21] [INFO] Starting Django server...
[2026-01-01 11:11:21] [INFO] Waiting for Django to start on port 8000...
[2026-01-01 11:11:24] [INFO] Django server is responding on port 8000
[2026-01-01 11:11:27] [INFO] Django server started successfully (PID: 1058635)
[2026-01-01 11:12:02] [ERROR] Django server died, restarting...
[2026-01-01 11:12:02] [INFO] Starting Django server...
[2026-01-01 11:12:03] [INFO] Waiting for Django to start on port 8000...
[2026-01-01 11:12:07] [INFO] Django server is responding on port 8000
[2026-01-01 11:12:10] [INFO] Django server started successfully (PID: 1058709)
[2026-01-01 11:12:44] [ERROR] Django server died, restarting...
[2026-01-01 11:12:44] [INFO] Starting Django server...
[2026-01-01 11:12:45] [INFO] Waiting for Django to start on port 8000...
[2026-01-01 11:12:47] [INFO] Django server is responding on port 8000
[2026-01-01 11:12:50] [INFO] Django server started successfully (PID: 1058834)
[2026-01-01 11:13:28] [ERROR] Django server died, restarting...
[2026-01-01 11:13:28] [INFO] Starting Django server...
[2026-01-01 11:13:29] [INFO] Waiting for Django to start on port 8000...
[2026-01-01 11:13:32] [INFO] Django server is responding on port 8000
[2026-01-01 11:13:35] [INFO] Django server started successfully (PID: 1058937)
[2026-01-01 11:14:12] [ERROR] Django server died, restarting...
[2026-01-01 11:14:13] [INFO] Starting Django server...
[2026-01-01 11:14:14] [INFO] Waiting for Django to start on port 8000...
[2026-01-01 11:14:17] [INFO] Django server is responding on port 8000
[2026-01-01 11:14:19] [INFO] Django server started successfully (PID: 1059038)
[2026-01-01 11:14:53] [ERROR] Django server died, restarting...
[2026-01-01 11:14:53] [INFO] Starting Django server...
[2026-01-01 11:14:53] [INFO] Waiting for Django to start on port 8000...
[2026-01-01 11:14:56] [INFO] Django server is responding on port 8000
[2026-01-01 11:15:00] [INFO] Django server started successfully (PID: 1059121)
[2026-01-01 11:15:42] [ERROR] Django server died, restarting...
[2026-01-01 11:15:43] [INFO] Starting Django server...
[2026-01-01 11:15:45] [INFO] Waiting for Django to start on port 8000...
[2026-01-01 11:15:50] [INFO] Django server is responding on port 8000
[2026-01-01 11:15:53] [INFO] Django server started successfully (PID: 1059233)
[2026-01-01 11:16:24] [ERROR] Tunnel process died, restarting...
[2026-01-01 11:16:25] [INFO] Starting Cloudflare tunnel (attempt 1/10)...
[2026-01-01 11:16:28] [ERROR] Tunnel process died, restarting...
[2026-01-01 11:16:28] [INFO] Starting Cloudflare tunnel (attempt 1/10)...
[2026-01-01 11:16:40] [INFO] Cloudflare tunnel started successfully (PID: 1059347)
[2026-01-01 11:16:49] [INFO] Cloudflare tunnel started successfully (PID: 67480)
[2026-01-01 11:16:53] [ERROR] Django server died, restarting...
[2026-01-01 11:16:55] [INFO] Starting Django server...
[2026-01-01 11:16:55] [INFO] Shutting down services...
[2026-01-01 11:16:56] [INFO] Waiting for Django to start on port 8000...
[2026-01-01 11:17:01] [INFO] Shutting down services...
[2026-01-01 11:17:02] [INFO] Django server is responding on port 8000
[2026-01-01 11:17:07] [INFO] Django server started successfully (PID: 1059397)
[2026-01-01 11:17:10] [INFO] Shutting down services...
[2026-01-01 11:17:14] [INFO] Shutting down services...
[2026-01-01 11:17:19] [INFO] Shutting down services...
[2026-01-01 11:17:19] [INFO] Starting Stock Scanner Tunnel - Resilient Version
[2026-01-01 11:17:20] [INFO] Using cloudflared command: /c/Stock-scanner-project/v2mvp-stock-scanner-complete/stock-scanner-complete/backend/cloudflared.exe
[2026-01-01 11:17:26] [INFO] Fixing DNS configuration...
[2026-01-01 11:17:28] [INFO] Skipping Windows DNS changes (admin privileges required).
[2026-01-01 11:17:31] [INFO] DNS configuration refreshed
[2026-01-01 11:17:32] [INFO] Windows sleep prevention activated
[2026-01-01 11:17:32] [INFO] Starting Cloudflare tunnel (attempt 1/10)...
[2026-01-01 11:17:33] [INFO] Shutting down services...
[2026-01-01 11:17:41] [ERROR] Tunnel process died, restarting...
[2026-01-01 11:17:43] [INFO] Starting Cloudflare tunnel (attempt 1/10)...
[2026-01-01 11:17:49] [WARN] Tunnel failed to start
[2026-01-01 11:17:50] [ERROR] Tunnel process died, restarting...
[2026-01-01 11:17:50] [INFO] Retrying in 5 seconds...
[2026-01-01 11:17:51] [INFO] Starting Cloudflare tunnel (attempt 1/10)...
[2026-01-01 11:17:57] [INFO] Starting Cloudflare tunnel (attempt 2/10)...
[2026-01-01 11:17:59] [WARN] Tunnel failed to start
[2026-01-01 11:18:00] [INFO] Retrying in 5 seconds...
[2026-01-01 11:18:08] [INFO] Starting Cloudflare tunnel (attempt 2/10)...
[2026-01-01 11:18:11] [WARN] Tunnel failed to start
[2026-01-01 11:18:11] [INFO] Retrying in 5 seconds...
[2026-01-01 11:18:12] [INFO] Cloudflare tunnel started successfully (PID: 67320)
[2026-01-01 11:18:14] [ERROR] Django server died, restarting...
[2026-01-01 11:18:15] [INFO] Starting Django server...
[2026-01-01 11:18:17] [INFO] Waiting for Django to start on port 8000...
[2026-01-01 11:18:19] [INFO] Starting Cloudflare tunnel (attempt 3/10)...
[2026-01-01 11:18:21] [INFO] Django server is responding on port 8000
[2026-01-01 11:18:24] [WARN] Tunnel failed to start
[2026-01-01 11:18:25] [INFO] Django server started successfully (PID: 1059617)
[2026-01-01 11:18:25] [INFO] Retrying in 5 seconds...
[2026-01-01 11:18:32] [INFO] Starting Cloudflare tunnel (attempt 3/10)...
[2026-01-01 11:18:37] [INFO] Cloudflare tunnel started successfully (PID: INFO:Notasksarerunningwhichmatchthespecifiedcriteria.)
[2026-01-01 11:18:37] [INFO] Starting Django server...
[2026-01-01 11:18:37] [INFO] Waiting for Django to start on port 8000...
[2026-01-01 11:18:40] [INFO] Django server is responding on port 8000 (HTTP 301)
[2026-01-01 11:18:43] [INFO] Django server started successfully (PID: 1059670)
[2026-01-01 11:18:48] [INFO] Shutting down services...
[2026-01-01 11:18:48] [INFO] Cloudflare tunnel started successfully (PID: 1059669)
[2026-01-01 11:18:55] [INFO] Windows sleep settings restored
[2026-01-01 11:18:55] [INFO] All services stopped. Total restarts: 1
[2026-01-01 11:19:01] [ERROR] Django server died, restarting...
[2026-01-01 11:19:02] [INFO] Starting Django server...
[2026-01-01 11:19:03] [INFO] Waiting for Django to start on port 8000...
[2026-01-01 11:19:07] [INFO] Django server is responding on port 8000
[2026-01-01 11:19:10] [INFO] Django server started successfully (PID: 1059730)
[2026-01-01 11:19:45] [ERROR] Django server died, restarting...
[2026-01-01 11:19:46] [INFO] Starting Django server...
[2026-01-01 11:19:47] [INFO] Waiting for Django to start on port 8000...
[2026-01-01 11:19:51] [INFO] Django server is responding on port 8000
[2026-01-01 11:19:54] [INFO] Django server started successfully (PID: 1059794)
[2026-01-01 11:20:27] [ERROR] Django server died, restarting...
[2026-01-01 11:20:28] [INFO] Starting Django server...
[2026-01-01 11:20:29] [INFO] Waiting for Django to start on port 8000...
[2026-01-01 11:20:33] [INFO] Django server is responding on port 8000
[2026-01-01 11:20:35] [INFO] Django server started successfully (PID: 1059847)
[2026-01-01 11:21:09] [ERROR] Django server died, restarting...
[2026-01-01 11:21:10] [INFO] Starting Django server...
[2026-01-01 11:21:11] [INFO] Waiting for Django to start on port 8000...
[2026-01-01 11:21:15] [INFO] Django server is responding on port 8000
[2026-01-01 11:21:18] [INFO] Django server started successfully (PID: 1059885)
[2026-01-01 11:21:55] [ERROR] Django server died, restarting...
[2026-01-01 11:21:55] [INFO] Starting Django server...
[2026-01-01 11:21:57] [INFO] Waiting for Django to start on port 8000...
[2026-01-01 11:22:03] [INFO] Django server is responding on port 8000
[2026-01-01 11:22:07] [INFO] Django server started successfully (PID: 1059939)
[2026-01-01 11:22:40] [ERROR] Django server died, restarting...
[2026-01-01 11:22:41] [INFO] Starting Django server...
[2026-01-01 11:22:43] [INFO] Waiting for Django to start on port 8000...
[2026-01-01 11:22:48] [INFO] Django server is responding on port 8000
[2026-01-01 11:22:51] [INFO] Django server started successfully (PID: 1059989)
[2026-01-01 11:23:28] [ERROR] Django server died, restarting...
[2026-01-01 11:23:29] [INFO] Starting Django server...
[2026-01-01 11:23:31] [INFO] Waiting for Django to start on port 8000...
[2026-01-01 11:23:37] [INFO] Django server is responding on port 8000
[2026-01-01 11:23:40] [INFO] Django server started successfully (PID: 1060044)
[2026-01-01 11:24:16] [ERROR] Django server died, restarting...
[2026-01-01 11:24:18] [INFO] Starting Django server...
[2026-01-01 11:24:19] [INFO] Waiting for Django to start on port 8000...
[2026-01-01 11:24:23] [INFO] Django server is responding on port 8000
[2026-01-01 11:24:26] [INFO] Django server started successfully (PID: 1060089)
[2026-01-01 11:24:59] [ERROR] Django server died, restarting...
[2026-01-01 11:25:01] [INFO] Starting Django server...
[2026-01-01 11:25:02] [INFO] Waiting for Django to start on port 8000...
[2026-01-01 11:25:06] [INFO] Django server is responding on port 8000
[2026-01-01 11:25:09] [INFO] Django server started successfully (PID: 1060139)
[2026-01-01 11:25:43] [ERROR] Django server died, restarting...
[2026-01-01 11:25:44] [INFO] Starting Django server...
[2026-01-01 11:25:46] [INFO] Waiting for Django to start on port 8000...
[2026-01-01 11:25:49] [INFO] Django server is responding on port 8000
[2026-01-01 11:26:02] [INFO] Django server started successfully (PID: 1060194)
[2026-01-01 11:26:38] [ERROR] Django server died, restarting...
[2026-01-01 11:26:39] [INFO] Starting Django server...
[2026-01-01 11:26:40] [INFO] Waiting for Django to start on port 8000...
[2026-01-01 11:26:44] [INFO] Django server is responding on port 8000
[2026-01-01 11:26:47] [INFO] Django server started successfully (PID: 1060250)
[2026-01-01 11:27:21] [ERROR] Django server died, restarting...
[2026-01-01 11:27:22] [INFO] Starting Django server...
[2026-01-01 11:27:23] [INFO] Waiting for Django to start on port 8000...
[2026-01-01 11:27:26] [INFO] Django server is responding on port 8000
[2026-01-01 11:27:28] [INFO] Django server started successfully (PID: 1060302)
[2026-01-01 11:28:04] [ERROR] Django server died, restarting...
[2026-01-01 11:28:05] [INFO] Starting Django server...
[2026-01-01 11:28:06] [INFO] Waiting for Django to start on port 8000...
[2026-01-01 11:28:09] [INFO] Django server is responding on port 8000
[2026-01-01 11:28:12] [INFO] Django server started successfully (PID: 1060344)
[2026-01-01 11:28:48] [ERROR] Django server died, restarting...
[2026-01-01 11:28:50] [INFO] Starting Django server...
[2026-01-01 11:28:51] [INFO] Waiting for Django to start on port 8000...
[2026-01-01 11:28:55] [INFO] Django server is responding on port 8000
[2026-01-01 11:29:11] [INFO] Django server started successfully (PID: 1060402)
[2026-01-01 11:29:46] [ERROR] Django server died, restarting...
[2026-01-01 11:29:47] [INFO] Starting Django server...
[2026-01-01 11:29:48] [INFO] Waiting for Django to start on port 8000...
[2026-01-01 11:29:52] [INFO] Django server is responding on port 8000
[2026-01-01 11:29:54] [INFO] Django server started successfully (PID: 1060452)
[2026-01-01 11:30:28] [ERROR] Django server died, restarting...
[2026-01-01 11:30:29] [INFO] Starting Django server...
[2026-01-01 11:30:29] [INFO] Waiting for Django to start on port 8000...
[2026-01-01 11:30:33] [INFO] Django server is responding on port 8000
[2026-01-01 11:30:36] [INFO] Django server started successfully (PID: 1060507)
[2026-01-01 11:31:12] [ERROR] Tunnel process died, restarting...
[2026-01-01 11:31:13] [INFO] Starting Cloudflare tunnel (attempt 1/10)...
[2026-01-01 11:31:24] [ERROR] Tunnel process died, restarting...
[2026-01-01 11:31:29] [INFO] Cloudflare tunnel started successfully (PID: 62408)
[2026-01-01 11:31:31] [ERROR] Django server died, restarting...
[2026-01-01 11:31:31] [INFO] Starting Django server...
[2026-01-01 11:31:32] [INFO] Waiting for Django to start on port 8000...
[2026-01-01 11:31:36] [INFO] Django server is responding on port 8000
[2026-01-01 11:31:38] [INFO] Django server started successfully (PID: 1060583)
[2026-01-01 11:32:13] [ERROR] Django server died, restarting...
[2026-01-01 11:32:14] [INFO] Starting Django server...
[2026-01-01 11:32:15] [INFO] Waiting for Django to start on port 8000...
[2026-01-01 11:32:19] [INFO] Django server is responding on port 8000
[2026-01-01 11:32:21] [INFO] Django server started successfully (PID: 1060612)
[2026-01-01 13:19:11] [INFO] Windows sleep prevention activated
[2026-01-01 13:19:11] [INFO] Starting Cloudflare tunnel (attempt 1/10)...
[2026-01-01 13:19:24] [INFO] Cloudflare tunnel started successfully (PID: 131424)
[2026-01-01 13:19:24] [INFO] Starting Django server...
[2026-01-01 13:19:24] [INFO] Waiting for Django to start on port 8000...
[2026-01-01 13:19:28] [ERROR] Django process died during startup
[2026-01-01 13:19:28] [INFO] Shutting down services...
[2026-01-01 13:19:31] [INFO] Windows sleep settings restored
[2026-01-01 13:19:31] [INFO] All services stopped. Total restarts: 2
[2026-01-01 13:19:38] [INFO] Starting Stock Scanner Tunnel - Resilient Version
[2026-01-01 13:19:39] [INFO] Using cloudflared command: /c/Stock-scanner-project/v2mvp-stock-scanner-complete/stock-scanner-complete/backend/cloudflared.exe
[2026-01-01 13:19:40] [INFO] Fixing DNS configuration...
[2026-01-01 13:19:40] [INFO] Skipping Windows DNS changes (admin privileges required).
[2026-01-01 13:19:42] [INFO] DNS configuration refreshed
[2026-01-01 13:19:42] [INFO] Windows sleep prevention activated
[2026-01-01 13:19:43] [INFO] Starting Cloudflare tunnel (attempt 1/10)...
[2026-01-01 13:19:54] [INFO] Cloudflare tunnel started successfully (PID: 131348)
[2026-01-01 13:19:54] [INFO] Starting Django server...
[2026-01-01 13:19:55] [INFO] Waiting for Django to start on port 8000...
[2026-01-01 13:19:57] [INFO] Django server is responding on port 8000 (HTTP 301)
[2026-01-01 13:19:58] [INFO] Django server started successfully (PID: 1061974)
[2026-01-01 13:25:03] [INFO] Starting Stock Scanner Tunnel - Resilient Version
[2026-01-01 13:25:03] [INFO] Using cloudflared command: /c/Stock-scanner-project/v2mvp-stock-scanner-complete/stock-scanner-complete/backend/cloudflared.exe
[2026-01-01 13:25:06] [INFO] Fixing DNS configuration...
[2026-01-01 13:25:06] [INFO] Skipping Windows DNS changes (admin privileges required).
[2026-01-01 13:25:08] [INFO] DNS configuration refreshed
[2026-01-01 13:25:08] [INFO] Windows sleep prevention activated
[2026-01-01 13:25:08] [INFO] Starting Cloudflare tunnel (attempt 1/10)...
[2026-01-01 13:25:10] [ERROR] Tunnel process died, restarting...
[2026-01-01 13:25:10] [INFO] Starting Cloudflare tunnel (attempt 1/10)...
[2026-01-01 13:25:20] [INFO] Cloudflare tunnel started successfully (PID: 89844)
[2026-01-01 13:25:20] [INFO] Starting Django server...
[2026-01-01 13:25:20] [INFO] Waiting for Django to start on port 8000...
[2026-01-01 13:25:22] [INFO] Django server is responding on port 8000 (HTTP 301)
[2026-01-01 13:25:22] [INFO] Django server started successfully (PID: 1062408)
[2026-01-01 13:25:24] [INFO] Cloudflare tunnel started successfully (PID: 89844)
