Exception in thread django-main-thread:
Traceback (most recent call last):
Traceback (most recent call last):
Traceback (most recent call last):
Exception in thread django-main-thread:
Traceback (most recent call last):
Traceback (most recent call last):
Traceback (most recent call last):
Exception in thread django-main-thread:
Traceback (most recent call last):
Traceback (most recent call last):
Traceback (most recent call last):
Exception in thread django-main-thread:
Traceback (most recent call last):
Traceback (most recent call last):
Traceback (most recent call last):
Exception in thread django-main-thread:
Traceback (most recent call last):
Traceback (most recent call last):
Traceback (most recent call last):
Exception in thread django-main-thread:
Traceback (most recent call last):
Traceback (most recent call last):
Traceback (most recent call last):
Traceback (most recent call last):
[2025-09-19 07:37:35] [ERROR] Django server died, restarting...
Exception in thread django-main-thread:
Traceback (most recent call last):
Traceback (most recent call last):
Traceback (most recent call last):
Exception in thread django-main-thread:
Traceback (most recent call last):
Traceback (most recent call last):
Traceback (most recent call last):
Exception in thread django-main-thread:
Traceback (most recent call last):
Traceback (most recent call last):
Traceback (most recent call last):
Traceback (most recent call last):
Traceback (most recent call last):
Traceback (most recent call last):
[2025-09-19 07:37:39] [ERROR] Failed to start Django server. See above logs for details.
Exception in thread django-main-thread:
Traceback (most recent call last):
Traceback (most recent call last):
Traceback (most recent call last):
Exception in thread django-main-thread:
Traceback (most recent call last):
Traceback (most recent call last):
Traceback (most recent call last):
Exception in thread django-main-thread:
Traceback (most recent call last):
Traceback (most recent call last):
Traceback (most recent call last):
Traceback (most recent call last):
Traceback (most recent call last):
Traceback (most recent call last):
[2025-09-19 07:38:49] [ERROR] Failed to start Django server. See above logs for details.
Exception in thread django-main-thread:
Traceback (most recent call last):
Traceback (most recent call last):
Traceback (most recent call last):
Exception in thread django-main-thread:
Traceback (most recent call last):
Traceback (most recent call last):
Traceback (most recent call last):
Exception in thread django-main-thread:
Traceback (most recent call last):
Traceback (most recent call last):
Traceback (most recent call last):
Traceback (most recent call last):
Traceback (most recent call last):
Traceback (most recent call last):
[2025-09-19 09:31:51,151] ERROR django.security.DisallowedHost: Invalid HTTP_HOST header: 'api.retailtradescanner.com'. You may need to add 'api.retailtradescanner.com' to ALLOWED_HOSTS.
Traceback (most recent call last):
[2025-09-19 09:31:51,151] ERROR django.security.DisallowedHost: Invalid HTTP_HOST header: 'api.retailtradescanner.com'. You may need to add 'api.retailtradescanner.com' to ALLOWED_HOSTS.
Traceback (most recent call last):
[2025-09-19 09:31:51,433] WARNING stocks.middleware_error: Request 1758299511151-2151877210688 returned 400
[2025-09-19 09:31:51,434] WARNING django.request: Bad Request: /api/health/
[19/Sep/2025 09:31:51] "GET /api/health/ HTTP/1.1" 400 143
[2025-09-19 09:31:51,433] WARNING stocks.middleware_error: Request 1758299511151-2151877210688 returned 400
[2025-09-19 09:31:51,434] WARNING django.request: Bad Request: /api/health/
[19/Sep/2025 09:31:51] "GET /api/health/ HTTP/1.1" 400 143
[2025-09-19 09:31:57,850] ERROR django.security.DisallowedHost: Invalid HTTP_HOST header: 'api.retailtradescanner.com'. You may need to add 'api.retailtradescanner.com' to ALLOWED_HOSTS.
Traceback (most recent call last):
[2025-09-19 09:31:57,870] WARNING stocks.middleware_error: Request 1758299517849-2151873290832 returned 400
[2025-09-19 09:31:57,870] WARNING django.request: Bad Request: /api/
[2025-09-19 09:31:57,850] ERROR django.security.DisallowedHost: Invalid HTTP_HOST header: 'api.retailtradescanner.com'. You may need to add 'api.retailtradescanner.com' to ALLOWED_HOSTS.
Traceback (most recent call last):
[2025-09-19 09:31:57,870] WARNING stocks.middleware_error: Request 1758299517849-2151873290832 returned 400
[2025-09-19 09:31:57,870] WARNING django.request: Bad Request: /api/
[19/Sep/2025 09:31:57] "GET /api/ HTTP/1.1" 400 143
[19/Sep/2025 09:31:57] "GET /api/ HTTP/1.1" 400 143
[2025-09-19 09:32:04,500] ERROR django.security.DisallowedHost: Invalid HTTP_HOST header: 'api.retailtradescanner.com'. You may need to add 'api.retailtradescanner.com' to ALLOWED_HOSTS.
Traceback (most recent call last):
[2025-09-19 09:32:04,520] WARNING stocks.middleware_error: Request 1758299524500-2151877201440 returned 400
[2025-09-19 09:32:04,520] WARNING django.request: Bad Request: /
[19/Sep/2025 09:32:04] "GET / HTTP/1.1" 400 143
[2025-09-19 09:32:04,500] ERROR django.security.DisallowedHost: Invalid HTTP_HOST header: 'api.retailtradescanner.com'. You may need to add 'api.retailtradescanner.com' to ALLOWED_HOSTS.
Traceback (most recent call last):
[2025-09-19 09:32:04,520] WARNING stocks.middleware_error: Request 1758299524500-2151877201440 returned 400
[2025-09-19 09:32:04,520] WARNING django.request: Bad Request: /
[19/Sep/2025 09:32:04] "GET / HTTP/1.1" 400 143
[2025-09-19 09:33:23,208] ERROR django.security.DisallowedHost: Invalid HTTP_HOST header: 'api.retailtradescanner.com'. You may need to add 'api.retailtradescanner.com' to ALLOWED_HOSTS.
Traceback (most recent call last):
[2025-09-19 09:33:23,228] WARNING stocks.middleware_error: Request 1758299603208-2151877205792 returned 400
[2025-09-19 09:33:23,229] WARNING django.request: Bad Request: /api/health/
[2025-09-19 09:33:23,208] ERROR django.security.DisallowedHost: Invalid HTTP_HOST header: 'api.retailtradescanner.com'. You may need to add 'api.retailtradescanner.com' to ALLOWED_HOSTS.
Traceback (most recent call last):
[2025-09-19 09:33:23,228] WARNING stocks.middleware_error: Request 1758299603208-2151877205792 returned 400
[19/Sep/2025 09:33:23] "GET /api/health/ HTTP/1.1" 400 143
[2025-09-19 09:33:23,229] WARNING django.request: Bad Request: /api/health/
[19/Sep/2025 09:33:23] "GET /api/health/ HTTP/1.1" 400 143
[2025-09-19 09:33:30,290] ERROR django.security.DisallowedHost: Invalid HTTP_HOST header: 'api.retailtradescanner.com'. You may need to add 'api.retailtradescanner.com' to ALLOWED_HOSTS.
Traceback (most recent call last):
[2025-09-19 09:33:30,312] WARNING stocks.middleware_error: Request 1758299610290-2151877204704 returned 400
[2025-09-19 09:33:30,312] WARNING django.request: Bad Request: /api/
[19/Sep/2025 09:33:30] "GET /api/ HTTP/1.1" 400 143
[2025-09-19 09:33:30,290] ERROR django.security.DisallowedHost: Invalid HTTP_HOST header: 'api.retailtradescanner.com'. You may need to add 'api.retailtradescanner.com' to ALLOWED_HOSTS.
Traceback (most recent call last):
[2025-09-19 09:33:30,312] WARNING stocks.middleware_error: Request 1758299610290-2151877204704 returned 400
[2025-09-19 09:33:30,312] WARNING django.request: Bad Request: /api/
[19/Sep/2025 09:33:30] "GET /api/ HTTP/1.1" 400 143
[2025-09-19 09:34:51,388] ERROR django.security.DisallowedHost: Invalid HTTP_HOST header: 'api.retailtradescanner.com'. You may need to add 'api.retailtradescanner.com' to ALLOWED_HOSTS.
Traceback (most recent call last):
[2025-09-19 09:34:51,409] WARNING stocks.middleware_error: Request 1758299691388-2151877200080 returned 400
[2025-09-19 09:34:51,410] WARNING django.request: Bad Request: /api/
[2025-09-19 09:34:51,388] ERROR django.security.DisallowedHost: Invalid HTTP_HOST header: 'api.retailtradescanner.com'. You may need to add 'api.retailtradescanner.com' to ALLOWED_HOSTS.
Traceback (most recent call last):
[19/Sep/2025 09:34:51] "GET /api/ HTTP/1.1" 400 143
[2025-09-19 09:34:51,573] ERROR django.security.DisallowedHost: Invalid HTTP_HOST header: 'api.retailtradescanner.com'. You may need to add 'api.retailtradescanner.com' to ALLOWED_HOSTS.
Traceback (most recent call last):
[2025-09-19 09:34:51,609] WARNING stocks.middleware_error: Request 1758299691573-2151873298176 returned 400
[2025-09-19 09:34:51,609] WARNING django.request: Bad Request: /api/status
[19/Sep/2025 09:34:51] "GET /api/status HTTP/1.1" 400 143
[2025-09-19 09:34:51,409] WARNING stocks.middleware_error: Request 1758299691388-2151877200080 returned 400
[2025-09-19 09:34:51,410] WARNING django.request: Bad Request: /api/
[19/Sep/2025 09:34:51] "GET /api/ HTTP/1.1" 400 143
[2025-09-19 09:34:51,573] ERROR django.security.DisallowedHost: Invalid HTTP_HOST header: 'api.retailtradescanner.com'. You may need to add 'api.retailtradescanner.com' to ALLOWED_HOSTS.
Traceback (most recent call last):
[2025-09-19 09:34:51,768] ERROR django.security.DisallowedHost: Invalid HTTP_HOST header: 'api.retailtradescanner.com'. You may need to add 'api.retailtradescanner.com' to ALLOWED_HOSTS.
Traceback (most recent call last):
[2025-09-19 09:34:51,791] WARNING stocks.middleware_error: Request 1758299691768-2151877206608 returned 400
[2025-09-19 09:34:51,791] WARNING django.request: Bad Request: /api/status
[19/Sep/2025 09:34:51] "POST /api/status HTTP/1.1" 400 143
[2025-09-19 09:34:51,609] WARNING stocks.middleware_error: Request 1758299691573-2151873298176 returned 400
[2025-09-19 09:34:51,609] WARNING django.request: Bad Request: /api/status
[19/Sep/2025 09:34:51] "GET /api/status HTTP/1.1" 400 143
[2025-09-19 09:34:51,768] ERROR django.security.DisallowedHost: Invalid HTTP_HOST header: 'api.retailtradescanner.com'. You may need to add 'api.retailtradescanner.com' to ALLOWED_HOSTS.
Traceback (most recent call last):
[2025-09-19 09:34:51,791] WARNING stocks.middleware_error: Request 1758299691768-2151877206608 returned 400
[2025-09-19 09:34:51,791] WARNING django.request: Bad Request: /api/status
[19/Sep/2025 09:34:51] "POST /api/status HTTP/1.1" 400 143
[2025-09-19 09:36:18,292] ERROR django.security.DisallowedHost: Invalid HTTP_HOST header: 'api.retailtradescanner.com'. You may need to add 'api.retailtradescanner.com' to ALLOWED_HOSTS.
Traceback (most recent call last):
[2025-09-19 09:36:18,312] WARNING stocks.middleware_error: Request 1758299778292-2151877204704 returned 400
[2025-09-19 09:36:18,312] WARNING django.request: Bad Request: /
[19/Sep/2025 09:36:18] "GET / HTTP/1.1" 400 143
[2025-09-19 09:36:18,292] ERROR django.security.DisallowedHost: Invalid HTTP_HOST header: 'api.retailtradescanner.com'. You may need to add 'api.retailtradescanner.com' to ALLOWED_HOSTS.
Traceback (most recent call last):
[2025-09-19 09:36:18,312] WARNING stocks.middleware_error: Request 1758299778292-2151877204704 returned 400
[2025-09-19 09:36:18,312] WARNING django.request: Bad Request: /
[19/Sep/2025 09:36:18] "GET / HTTP/1.1" 400 143
[2025-09-19 09:36:52,688] ERROR django.security.DisallowedHost: Invalid HTTP_HOST header: 'api.retailtradescanner.com'. You may need to add 'api.retailtradescanner.com' to ALLOWED_HOSTS.
Traceback (most recent call last):
[2025-09-19 09:36:52,710] WARNING stocks.middleware_error: Request 1758299812688-2151877207968 returned 400
[2025-09-19 09:36:52,710] WARNING django.request: Bad Request: /
[19/Sep/2025 09:36:52] "GET / HTTP/1.1" 400 143
[2025-09-19 09:36:52,688] ERROR django.security.DisallowedHost: Invalid HTTP_HOST header: 'api.retailtradescanner.com'. You may need to add 'api.retailtradescanner.com' to ALLOWED_HOSTS.
Traceback (most recent call last):
[2025-09-19 09:36:52,710] WARNING stocks.middleware_error: Request 1758299812688-2151877207968 returned 400
[2025-09-19 09:36:52,710] WARNING django.request: Bad Request: /
[19/Sep/2025 09:36:52] "GET / HTTP/1.1" 400 143
[2025-09-19 09:36:53,300] ERROR django.security.DisallowedHost: Invalid HTTP_HOST header: 'api.retailtradescanner.com'. You may need to add 'api.retailtradescanner.com' to ALLOWED_HOSTS.
Traceback (most recent call last):
[2025-09-19 09:36:53,330] WARNING stocks.middleware_error: Request 1758299813300-2151873297904 returned 400
[2025-09-19 09:36:53,331] WARNING django.request: Bad Request: /api/
[19/Sep/2025 09:36:53] "GET /api/ HTTP/1.1" 400 143
[2025-09-19 09:36:53,381] ERROR django.security.DisallowedHost: Invalid HTTP_HOST header: 'api.retailtradescanner.com'. You may need to add 'api.retailtradescanner.com' to ALLOWED_HOSTS.
Traceback (most recent call last):
[2025-09-19 09:36:53,402] WARNING stocks.middleware_error: Request 1758299813381-2151877211504 returned 400
[2025-09-19 09:36:53,402] WARNING django.request: Bad Request: /api/
[19/Sep/2025 09:36:53] "GET /api/ HTTP/1.1" 400 143
[2025-09-19 09:36:53,300] ERROR django.security.DisallowedHost: Invalid HTTP_HOST header: 'api.retailtradescanner.com'. You may need to add 'api.retailtradescanner.com' to ALLOWED_HOSTS.
Traceback (most recent call last):
[2025-09-19 09:36:53,330] WARNING stocks.middleware_error: Request 1758299813300-2151873297904 returned 400
[2025-09-19 09:36:53,331] WARNING django.request: Bad Request: /api/
[19/Sep/2025 09:36:53] "GET /api/ HTTP/1.1" 400 143
[2025-09-19 09:36:53,381] ERROR django.security.DisallowedHost: Invalid HTTP_HOST header: 'api.retailtradescanner.com'. You may need to add 'api.retailtradescanner.com' to ALLOWED_HOSTS.
Traceback (most recent call last):
[2025-09-19 09:36:53,402] WARNING stocks.middleware_error: Request 1758299813381-2151877211504 returned 400
[2025-09-19 09:36:53,402] WARNING django.request: Bad Request: /api/
[19/Sep/2025 09:36:53] "GET /api/ HTTP/1.1" 400 143
[2025-09-19 09:37:18,617] ERROR django.security.DisallowedHost: Invalid HTTP_HOST header: 'api.retailtradescanner.com'. You may need to add 'api.retailtradescanner.com' to ALLOWED_HOSTS.
Traceback (most recent call last):
[2025-09-19 09:37:18,638] WARNING stocks.middleware_error: Request 1758299838617-2151877205248 returned 400
[2025-09-19 09:37:18,638] WARNING django.request: Bad Request: /
[19/Sep/2025 09:37:18] "GET / HTTP/1.1" 400 143
[2025-09-19 09:37:18,617] ERROR django.security.DisallowedHost: Invalid HTTP_HOST header: 'api.retailtradescanner.com'. You may need to add 'api.retailtradescanner.com' to ALLOWED_HOSTS.
Traceback (most recent call last):
[2025-09-19 09:37:18,638] WARNING stocks.middleware_error: Request 1758299838617-2151877205248 returned 400
[2025-09-19 09:37:18,638] WARNING django.request: Bad Request: /
[19/Sep/2025 09:37:18] "GET / HTTP/1.1" 400 143
[2025-09-19 09:37:42,385] ERROR django.security.DisallowedHost: Invalid HTTP_HOST header: 'api.retailtradescanner.com'. You may need to add 'api.retailtradescanner.com' to ALLOWED_HOSTS.
Traceback (most recent call last):
[2025-09-19 09:37:42,405] WARNING stocks.middleware_error: Request 1758299862384-2151877207152 returned 400
[2025-09-19 09:37:42,405] WARNING django.request: Bad Request: /
[2025-09-19 09:37:42,385] ERROR django.security.DisallowedHost: Invalid HTTP_HOST header: 'api.retailtradescanner.com'. You may need to add 'api.retailtradescanner.com' to ALLOWED_HOSTS.
Traceback (most recent call last):
[19/Sep/2025 09:37:42] "GET / HTTP/1.1" 400 143
[2025-09-19 09:37:42,405] WARNING stocks.middleware_error: Request 1758299862384-2151877207152 returned 400
[2025-09-19 09:37:42,405] WARNING django.request: Bad Request: /
[19/Sep/2025 09:37:42] "GET / HTTP/1.1" 400 143
[2025-09-19 13:35:14,905] ERROR django.security.DisallowedHost: Invalid HTTP_HOST header: 'api.retailtradescanner.com'. You may need to add 'api.retailtradescanner.com' to ALLOWED_HOSTS.
Traceback (most recent call last):
[2025-09-19 13:35:14,927] WARNING stocks.middleware_error: Request 1758314114905-2151877202800 returned 400
[2025-09-19 13:35:14,927] WARNING django.request: Bad Request: /
[19/Sep/2025 13:35:14] "GET / HTTP/1.1" 400 143
[2025-09-19 13:35:15,056] ERROR django.security.DisallowedHost: Invalid HTTP_HOST header: 'api.retailtradescanner.com'. You may need to add 'api.retailtradescanner.com' to ALLOWED_HOSTS.
Traceback (most recent call last):
[2025-09-19 13:35:15,082] WARNING stocks.middleware_error: Request 1758314115056-2151873298176 returned 400
[2025-09-19 13:35:15,082] WARNING django.request: Bad Request: /favicon.ico
[19/Sep/2025 13:35:15] "GET /favicon.ico HTTP/1.1" 400 143
[2025-09-19 13:35:14,905] ERROR django.security.DisallowedHost: Invalid HTTP_HOST header: 'api.retailtradescanner.com'. You may need to add 'api.retailtradescanner.com' to ALLOWED_HOSTS.
Traceback (most recent call last):
[2025-09-19 13:35:14,927] WARNING stocks.middleware_error: Request 1758314114905-2151877202800 returned 400
[2025-09-19 13:35:14,927] WARNING django.request: Bad Request: /
[19/Sep/2025 13:35:14] "GET / HTTP/1.1" 400 143
[2025-09-19 13:35:15,056] ERROR django.security.DisallowedHost: Invalid HTTP_HOST header: 'api.retailtradescanner.com'. You may need to add 'api.retailtradescanner.com' to ALLOWED_HOSTS.
Traceback (most recent call last):
[2025-09-19 13:35:15,082] WARNING stocks.middleware_error: Request 1758314115056-2151873298176 returned 400
[2025-09-19 13:35:15,082] WARNING django.request: Bad Request: /favicon.ico
[19/Sep/2025 13:35:15] "GET /favicon.ico HTTP/1.1" 400 143
[2025-09-19 13:35:15,350] ERROR django.security.DisallowedHost: Invalid HTTP_HOST header: 'api.retailtradescanner.com'. You may need to add 'api.retailtradescanner.com' to ALLOWED_HOSTS.
Traceback (most recent call last):
[2025-09-19 13:35:15,374] WARNING stocks.middleware_error: Request 1758314115350-2151877212592 returned 400
[2025-09-19 13:35:15,374] WARNING django.request: Bad Request: /
[19/Sep/2025 13:35:15] "GET / HTTP/1.1" 400 143
[2025-09-19 13:35:15,615] ERROR django.security.DisallowedHost: Invalid HTTP_HOST header: 'api.retailtradescanner.com'. You may need to add 'api.retailtradescanner.com' to ALLOWED_HOSTS.
[2025-09-19 13:35:15,350] ERROR django.security.DisallowedHost: Invalid HTTP_HOST header: 'api.retailtradescanner.com'. You may need to add 'api.retailtradescanner.com' to ALLOWED_HOSTS.
Traceback (most recent call last):
[2025-09-19 13:35:15,374] WARNING stocks.middleware_error: Request 1758314115350-2151877212592 returned 400
[2025-09-19 13:35:15,374] WARNING django.request: Bad Request: /
Traceback (most recent call last):
[2025-09-19 13:35:15,636] WARNING stocks.middleware_error: Request 1758314115614-2151877210144 returned 400
[2025-09-19 13:35:15,636] WARNING django.request: Bad Request: /favicon.ico
[19/Sep/2025 13:35:15] "GET /favicon.ico HTTP/1.1" 400 143
[19/Sep/2025 13:35:15] "GET / HTTP/1.1" 400 143
[2025-09-19 13:35:15,615] ERROR django.security.DisallowedHost: Invalid HTTP_HOST header: 'api.retailtradescanner.com'. You may need to add 'api.retailtradescanner.com' to ALLOWED_HOSTS.
Traceback (most recent call last):
[2025-09-19 13:35:15,636] WARNING stocks.middleware_error: Request 1758314115614-2151877210144 returned 400
[2025-09-19 13:35:15,636] WARNING django.request: Bad Request: /favicon.ico
[19/Sep/2025 13:35:15] "GET /favicon.ico HTTP/1.1" 400 143
[2025-09-19 18:00:47,556] ERROR django.security.DisallowedHost: Invalid HTTP_HOST header: 'api.retailtradescanner.com'. You may need to add 'api.retailtradescanner.com' to ALLOWED_HOSTS.
Traceback (most recent call last):
[2025-09-19 18:00:47,556] ERROR django.security.DisallowedHost: Invalid HTTP_HOST header: 'api.retailtradescanner.com'. You may need to add 'api.retailtradescanner.com' to ALLOWED_HOSTS.
Traceback (most recent call last):
[2025-09-19 18:00:47,577] WARNING stocks.middleware_error: Request 1758330047556-2151877210688 returned 400
[2025-09-19 18:00:47,577] WARNING stocks.middleware_error: Request 1758330047556-2151877210688 returned 400
[2025-09-19 18:00:47,578] WARNING django.request: Bad Request: /robots.txt
[19/Sep/2025 18:00:47] "GET /robots.txt HTTP/1.1" 400 143
[2025-09-19 18:00:47,578] WARNING django.request: Bad Request: /robots.txt
[19/Sep/2025 18:00:47] "GET /robots.txt HTTP/1.1" 400 143
[2025-09-19 18:52:59,013] ERROR django.security.DisallowedHost: Invalid HTTP_HOST header: 'api.retailtradescanner.com'. You may need to add 'api.retailtradescanner.com' to ALLOWED_HOSTS.
Traceback (most recent call last):
[2025-09-19 18:52:59,114] WARNING stocks.middleware_error: Request 1758333179013-2151877212048 returned 400
[2025-09-19 18:52:59,114] WARNING django.request: Bad Request: /
[19/Sep/2025 18:52:59] "GET / HTTP/1.1" 400 143
[2025-09-19 18:52:59,013] ERROR django.security.DisallowedHost: Invalid HTTP_HOST header: 'api.retailtradescanner.com'. You may need to add 'api.retailtradescanner.com' to ALLOWED_HOSTS.
Traceback (most recent call last):
[2025-09-19 18:52:59,114] WARNING stocks.middleware_error: Request 1758333179013-2151877212048 returned 400
[2025-09-19 18:52:59,114] WARNING django.request: Bad Request: /
[19/Sep/2025 18:52:59] "GET / HTTP/1.1" 400 143
[2025-09-20 02:11:49,430] ERROR django.security.DisallowedHost: Invalid HTTP_HOST header: 'api.retailtradescanner.com'. You may need to add 'api.retailtradescanner.com' to ALLOWED_HOSTS.
Traceback (most recent call last):
[2025-09-20 02:11:49,452] WARNING stocks.middleware_error: Request 1758359509429-2151877204704 returned 400
[2025-09-20 02:11:49,452] WARNING django.request: Bad Request: /sitemap.xml
[20/Sep/2025 02:11:49] "GET /sitemap.xml HTTP/1.1" 400 143
[2025-09-20 02:11:49,430] ERROR django.security.DisallowedHost: Invalid HTTP_HOST header: 'api.retailtradescanner.com'. You may need to add 'api.retailtradescanner.com' to ALLOWED_HOSTS.
Traceback (most recent call last):
[2025-09-20 02:11:49,452] WARNING stocks.middleware_error: Request 1758359509429-2151877204704 returned 400
[2025-09-20 02:11:49,452] WARNING django.request: Bad Request: /sitemap.xml
[20/Sep/2025 02:11:49] "GET /sitemap.xml HTTP/1.1" 400 143
[2025-09-20 16:35:20,662] ERROR django.security.DisallowedHost: Invalid HTTP_HOST header: 'api.retailtradescanner.com'. You may need to add 'api.retailtradescanner.com' to ALLOWED_HOSTS.
Traceback (most recent call last):
[2025-09-20 16:35:20,771] WARNING stocks.middleware_error: Request 1758411320662-2151877199536 returned 400
[2025-09-20 16:35:20,771] WARNING django.request: Bad Request: /robots.txt
[20/Sep/2025 16:35:20] "GET /robots.txt HTTP/1.1" 400 143
[2025-09-20 16:35:20,662] ERROR django.security.DisallowedHost: Invalid HTTP_HOST header: 'api.retailtradescanner.com'. You may need to add 'api.retailtradescanner.com' to ALLOWED_HOSTS.
Traceback (most recent call last):
[2025-09-20 16:35:20,771] WARNING stocks.middleware_error: Request 1758411320662-2151877199536 returned 400
[2025-09-20 16:35:20,771] WARNING django.request: Bad Request: /robots.txt
[20/Sep/2025 16:35:20] "GET /robots.txt HTTP/1.1" 400 143
Exception in thread django-main-thread:
Traceback (most recent call last):
Traceback (most recent call last):
Traceback (most recent call last):
Exception in thread django-main-thread:
Traceback (most recent call last):
Traceback (most recent call last):
Traceback (most recent call last):
Exception in thread django-main-thread:
Traceback (most recent call last):
Traceback (most recent call last):
Traceback (most recent call last):
Traceback (most recent call last):
Traceback (most recent call last):
Traceback (most recent call last):
[2025-09-19 09:31:51,151] ERROR django.security.DisallowedHost: Invalid HTTP_HOST header: 'api.retailtradescanner.com'. You may need to add 'api.retailtradescanner.com' to ALLOWED_HOSTS.
Traceback (most recent call last):
[2025-09-19 09:31:51,433] WARNING stocks.middleware_error: Request 1758299511151-2151877210688 returned 400
[2025-09-19 09:31:51,434] WARNING django.request: Bad Request: /api/health/
[19/Sep/2025 09:31:51] "GET /api/health/ HTTP/1.1" 400 143
[2025-09-19 09:31:57,850] ERROR django.security.DisallowedHost: Invalid HTTP_HOST header: 'api.retailtradescanner.com'. You may need to add 'api.retailtradescanner.com' to ALLOWED_HOSTS.
Traceback (most recent call last):
[2025-09-19 09:31:57,870] WARNING stocks.middleware_error: Request 1758299517849-2151873290832 returned 400
[2025-09-19 09:31:57,870] WARNING django.request: Bad Request: /api/
[19/Sep/2025 09:31:57] "GET /api/ HTTP/1.1" 400 143
[2025-09-19 09:32:04,500] ERROR django.security.DisallowedHost: Invalid HTTP_HOST header: 'api.retailtradescanner.com'. You may need to add 'api.retailtradescanner.com' to ALLOWED_HOSTS.
Traceback (most recent call last):
[2025-09-19 09:32:04,520] WARNING stocks.middleware_error: Request 1758299524500-2151877201440 returned 400
[2025-09-19 09:32:04,520] WARNING django.request: Bad Request: /
[19/Sep/2025 09:32:04] "GET / HTTP/1.1" 400 143
[2025-09-19 09:33:23,208] ERROR django.security.DisallowedHost: Invalid HTTP_HOST header: 'api.retailtradescanner.com'. You may need to add 'api.retailtradescanner.com' to ALLOWED_HOSTS.
Traceback (most recent call last):
[2025-09-19 09:33:23,228] WARNING stocks.middleware_error: Request 1758299603208-2151877205792 returned 400
[2025-09-19 09:33:23,229] WARNING django.request: Bad Request: /api/health/
[19/Sep/2025 09:33:23] "GET /api/health/ HTTP/1.1" 400 143
[2025-09-19 09:33:30,290] ERROR django.security.DisallowedHost: Invalid HTTP_HOST header: 'api.retailtradescanner.com'. You may need to add 'api.retailtradescanner.com' to ALLOWED_HOSTS.
Traceback (most recent call last):
[2025-09-19 09:33:30,312] WARNING stocks.middleware_error: Request 1758299610290-2151877204704 returned 400
[2025-09-19 09:33:30,312] WARNING django.request: Bad Request: /api/
[19/Sep/2025 09:33:30] "GET /api/ HTTP/1.1" 400 143
[2025-09-19 09:34:51,388] ERROR django.security.DisallowedHost: Invalid HTTP_HOST header: 'api.retailtradescanner.com'. You may need to add 'api.retailtradescanner.com' to ALLOWED_HOSTS.
Traceback (most recent call last):
[2025-09-19 09:34:51,409] WARNING stocks.middleware_error: Request 1758299691388-2151877200080 returned 400
[2025-09-19 09:34:51,410] WARNING django.request: Bad Request: /api/
[19/Sep/2025 09:34:51] "GET /api/ HTTP/1.1" 400 143
[2025-09-19 09:34:51,573] ERROR django.security.DisallowedHost: Invalid HTTP_HOST header: 'api.retailtradescanner.com'. You may need to add 'api.retailtradescanner.com' to ALLOWED_HOSTS.
Traceback (most recent call last):
[2025-09-19 09:34:51,609] WARNING stocks.middleware_error: Request 1758299691573-2151873298176 returned 400
[2025-09-19 09:34:51,609] WARNING django.request: Bad Request: /api/status
[19/Sep/2025 09:34:51] "GET /api/status HTTP/1.1" 400 143
[2025-09-19 09:34:51,768] ERROR django.security.DisallowedHost: Invalid HTTP_HOST header: 'api.retailtradescanner.com'. You may need to add 'api.retailtradescanner.com' to ALLOWED_HOSTS.
Traceback (most recent call last):
[2025-09-19 09:34:51,791] WARNING stocks.middleware_error: Request 1758299691768-2151877206608 returned 400
[2025-09-19 09:34:51,791] WARNING django.request: Bad Request: /api/status
[19/Sep/2025 09:34:51] "POST /api/status HTTP/1.1" 400 143
[2025-09-19 09:36:18,292] ERROR django.security.DisallowedHost: Invalid HTTP_HOST header: 'api.retailtradescanner.com'. You may need to add 'api.retailtradescanner.com' to ALLOWED_HOSTS.
Traceback (most recent call last):
[2025-09-19 09:36:18,312] WARNING stocks.middleware_error: Request 1758299778292-2151877204704 returned 400
[2025-09-19 09:36:18,312] WARNING django.request: Bad Request: /
[19/Sep/2025 09:36:18] "GET / HTTP/1.1" 400 143
[2025-09-19 09:36:52,688] ERROR django.security.DisallowedHost: Invalid HTTP_HOST header: 'api.retailtradescanner.com'. You may need to add 'api.retailtradescanner.com' to ALLOWED_HOSTS.
Traceback (most recent call last):
[2025-09-19 09:36:52,710] WARNING stocks.middleware_error: Request 1758299812688-2151877207968 returned 400
[2025-09-19 09:36:52,710] WARNING django.request: Bad Request: /
[19/Sep/2025 09:36:52] "GET / HTTP/1.1" 400 143
[2025-09-19 09:36:53,300] ERROR django.security.DisallowedHost: Invalid HTTP_HOST header: 'api.retailtradescanner.com'. You may need to add 'api.retailtradescanner.com' to ALLOWED_HOSTS.
Traceback (most recent call last):
[2025-09-19 09:36:53,330] WARNING stocks.middleware_error: Request 1758299813300-2151873297904 returned 400
[2025-09-19 09:36:53,331] WARNING django.request: Bad Request: /api/
[19/Sep/2025 09:36:53] "GET /api/ HTTP/1.1" 400 143
[2025-09-19 09:36:53,381] ERROR django.security.DisallowedHost: Invalid HTTP_HOST header: 'api.retailtradescanner.com'. You may need to add 'api.retailtradescanner.com' to ALLOWED_HOSTS.
Traceback (most recent call last):
[2025-09-19 09:36:53,402] WARNING stocks.middleware_error: Request 1758299813381-2151877211504 returned 400
[2025-09-19 09:36:53,402] WARNING django.request: Bad Request: /api/
[19/Sep/2025 09:36:53] "GET /api/ HTTP/1.1" 400 143
[2025-09-19 09:37:18,617] ERROR django.security.DisallowedHost: Invalid HTTP_HOST header: 'api.retailtradescanner.com'. You may need to add 'api.retailtradescanner.com' to ALLOWED_HOSTS.
Traceback (most recent call last):
[2025-09-19 09:37:18,638] WARNING stocks.middleware_error: Request 1758299838617-2151877205248 returned 400
[2025-09-19 09:37:18,638] WARNING django.request: Bad Request: /
[19/Sep/2025 09:37:18] "GET / HTTP/1.1" 400 143
[2025-09-19 09:37:42,385] ERROR django.security.DisallowedHost: Invalid HTTP_HOST header: 'api.retailtradescanner.com'. You may need to add 'api.retailtradescanner.com' to ALLOWED_HOSTS.
Traceback (most recent call last):
[2025-09-19 09:37:42,405] WARNING stocks.middleware_error: Request 1758299862384-2151877207152 returned 400
[2025-09-19 09:37:42,405] WARNING django.request: Bad Request: /
[19/Sep/2025 09:37:42] "GET / HTTP/1.1" 400 143
[2025-09-19 13:35:14,905] ERROR django.security.DisallowedHost: Invalid HTTP_HOST header: 'api.retailtradescanner.com'. You may need to add 'api.retailtradescanner.com' to ALLOWED_HOSTS.
Traceback (most recent call last):
[2025-09-19 13:35:14,927] WARNING stocks.middleware_error: Request 1758314114905-2151877202800 returned 400
[2025-09-19 13:35:14,927] WARNING django.request: Bad Request: /
[19/Sep/2025 13:35:14] "GET / HTTP/1.1" 400 143
[2025-09-19 13:35:15,056] ERROR django.security.DisallowedHost: Invalid HTTP_HOST header: 'api.retailtradescanner.com'. You may need to add 'api.retailtradescanner.com' to ALLOWED_HOSTS.
Traceback (most recent call last):
[2025-09-19 13:35:15,082] WARNING stocks.middleware_error: Request 1758314115056-2151873298176 returned 400
[2025-09-19 13:35:15,082] WARNING django.request: Bad Request: /favicon.ico
[19/Sep/2025 13:35:15] "GET /favicon.ico HTTP/1.1" 400 143
[2025-09-19 13:35:15,350] ERROR django.security.DisallowedHost: Invalid HTTP_HOST header: 'api.retailtradescanner.com'. You may need to add 'api.retailtradescanner.com' to ALLOWED_HOSTS.
Traceback (most recent call last):
[2025-09-19 13:35:15,374] WARNING stocks.middleware_error: Request 1758314115350-2151877212592 returned 400
[2025-09-19 13:35:15,374] WARNING django.request: Bad Request: /
[19/Sep/2025 13:35:15] "GET / HTTP/1.1" 400 143
[2025-09-19 13:35:15,615] ERROR django.security.DisallowedHost: Invalid HTTP_HOST header: 'api.retailtradescanner.com'. You may need to add 'api.retailtradescanner.com' to ALLOWED_HOSTS.
Traceback (most recent call last):
[2025-09-19 13:35:15,636] WARNING stocks.middleware_error: Request 1758314115614-2151877210144 returned 400
[2025-09-19 13:35:15,636] WARNING django.request: Bad Request: /favicon.ico
[19/Sep/2025 13:35:15] "GET /favicon.ico HTTP/1.1" 400 143
[2025-09-19 18:00:47,556] ERROR django.security.DisallowedHost: Invalid HTTP_HOST header: 'api.retailtradescanner.com'. You may need to add 'api.retailtradescanner.com' to ALLOWED_HOSTS.
Traceback (most recent call last):
[2025-09-19 18:00:47,577] WARNING stocks.middleware_error: Request 1758330047556-2151877210688 returned 400
[2025-09-19 18:00:47,578] WARNING django.request: Bad Request: /robots.txt
[19/Sep/2025 18:00:47] "GET /robots.txt HTTP/1.1" 400 143
[2025-09-19 18:52:59,013] ERROR django.security.DisallowedHost: Invalid HTTP_HOST header: 'api.retailtradescanner.com'. You may need to add 'api.retailtradescanner.com' to ALLOWED_HOSTS.
Traceback (most recent call last):
[2025-09-19 18:52:59,114] WARNING stocks.middleware_error: Request 1758333179013-2151877212048 returned 400
[2025-09-19 18:52:59,114] WARNING django.request: Bad Request: /
[19/Sep/2025 18:52:59] "GET / HTTP/1.1" 400 143
[2025-09-20 02:11:49,430] ERROR django.security.DisallowedHost: Invalid HTTP_HOST header: 'api.retailtradescanner.com'. You may need to add 'api.retailtradescanner.com' to ALLOWED_HOSTS.
Traceback (most recent call last):
[2025-09-20 02:11:49,452] WARNING stocks.middleware_error: Request 1758359509429-2151877204704 returned 400
[2025-09-20 02:11:49,452] WARNING django.request: Bad Request: /sitemap.xml
[20/Sep/2025 02:11:49] "GET /sitemap.xml HTTP/1.1" 400 143
[2025-09-20 16:35:20,662] ERROR django.security.DisallowedHost: Invalid HTTP_HOST header: 'api.retailtradescanner.com'. You may need to add 'api.retailtradescanner.com' to ALLOWED_HOSTS.
Traceback (most recent call last):
[2025-09-20 16:35:20,771] WARNING stocks.middleware_error: Request 1758411320662-2151877199536 returned 400
[2025-09-20 16:35:20,771] WARNING django.request: Bad Request: /robots.txt
[20/Sep/2025 16:35:20] "GET /robots.txt HTTP/1.1" 400 143
Exception in thread django-main-thread:
Traceback (most recent call last):
Traceback (most recent call last):
Exception in thread django-main-thread:
Traceback (most recent call last):
Traceback (most recent call last):
Exception in thread django-main-thread:
Traceback (most recent call last):
Traceback (most recent call last):
Traceback (most recent call last):
Exception in thread django-main-thread:
Traceback (most recent call last):
Traceback (most recent call last):
Traceback (most recent call last):
Exception in thread django-main-thread:
Traceback (most recent call last):
Traceback (most recent call last):
Traceback (most recent call last):
Traceback (most recent call last):
Traceback (most recent call last):
Traceback (most recent call last):
[2025-09-19 09:31:51,151] ERROR django.security.DisallowedHost: Invalid HTTP_HOST header: 'api.retailtradescanner.com'. You may need to add 'api.retailtradescanner.com' to ALLOWED_HOSTS.
Traceback (most recent call last):
[2025-09-19 09:31:51,433] WARNING stocks.middleware_error: Request 1758299511151-2151877210688 returned 400
[2025-09-19 09:31:51,434] WARNING django.request: Bad Request: /api/health/
[19/Sep/2025 09:31:51] "GET /api/health/ HTTP/1.1" 400 143
[2025-09-19 09:31:57,850] ERROR django.security.DisallowedHost: Invalid HTTP_HOST header: 'api.retailtradescanner.com'. You may need to add 'api.retailtradescanner.com' to ALLOWED_HOSTS.
Traceback (most recent call last):
[2025-09-19 09:31:57,870] WARNING stocks.middleware_error: Request 1758299517849-2151873290832 returned 400
[2025-09-19 09:31:57,870] WARNING django.request: Bad Request: /api/
[19/Sep/2025 09:31:57] "GET /api/ HTTP/1.1" 400 143
[2025-09-19 09:32:04,500] ERROR django.security.DisallowedHost: Invalid HTTP_HOST header: 'api.retailtradescanner.com'. You may need to add 'api.retailtradescanner.com' to ALLOWED_HOSTS.
Traceback (most recent call last):
[2025-09-19 09:32:04,520] WARNING stocks.middleware_error: Request 1758299524500-2151877201440 returned 400
[2025-09-19 09:32:04,520] WARNING django.request: Bad Request: /
[19/Sep/2025 09:32:04] "GET / HTTP/1.1" 400 143
[2025-09-19 09:33:23,208] ERROR django.security.DisallowedHost: Invalid HTTP_HOST header: 'api.retailtradescanner.com'. You may need to add 'api.retailtradescanner.com' to ALLOWED_HOSTS.
Traceback (most recent call last):
[2025-09-19 09:33:23,228] WARNING stocks.middleware_error: Request 1758299603208-2151877205792 returned 400
[2025-09-19 09:33:23,229] WARNING django.request: Bad Request: /api/health/
[19/Sep/2025 09:33:23] "GET /api/health/ HTTP/1.1" 400 143
[2025-09-19 09:33:30,290] ERROR django.security.DisallowedHost: Invalid HTTP_HOST header: 'api.retailtradescanner.com'. You may need to add 'api.retailtradescanner.com' to ALLOWED_HOSTS.
Traceback (most recent call last):
[2025-09-19 09:33:30,312] WARNING stocks.middleware_error: Request 1758299610290-2151877204704 returned 400
[2025-09-19 09:33:30,312] WARNING django.request: Bad Request: /api/
[19/Sep/2025 09:33:30] "GET /api/ HTTP/1.1" 400 143
[2025-09-19 09:34:51,388] ERROR django.security.DisallowedHost: Invalid HTTP_HOST header: 'api.retailtradescanner.com'. You may need to add 'api.retailtradescanner.com' to ALLOWED_HOSTS.
Traceback (most recent call last):
[2025-09-19 09:34:51,409] WARNING stocks.middleware_error: Request 1758299691388-2151877200080 returned 400
[2025-09-19 09:34:51,410] WARNING django.request: Bad Request: /api/
[19/Sep/2025 09:34:51] "GET /api/ HTTP/1.1" 400 143
[2025-09-19 09:34:51,573] ERROR django.security.DisallowedHost: Invalid HTTP_HOST header: 'api.retailtradescanner.com'. You may need to add 'api.retailtradescanner.com' to ALLOWED_HOSTS.
Traceback (most recent call last):
[2025-09-19 09:34:51,609] WARNING stocks.middleware_error: Request 1758299691573-2151873298176 returned 400
[2025-09-19 09:34:51,609] WARNING django.request: Bad Request: /api/status
[19/Sep/2025 09:34:51] "GET /api/status HTTP/1.1" 400 143
[2025-09-19 09:34:51,768] ERROR django.security.DisallowedHost: Invalid HTTP_HOST header: 'api.retailtradescanner.com'. You may need to add 'api.retailtradescanner.com' to ALLOWED_HOSTS.
Traceback (most recent call last):
[2025-09-19 09:34:51,791] WARNING stocks.middleware_error: Request 1758299691768-2151877206608 returned 400
[2025-09-19 09:34:51,791] WARNING django.request: Bad Request: /api/status
[19/Sep/2025 09:34:51] "POST /api/status HTTP/1.1" 400 143
[2025-09-19 09:36:18,292] ERROR django.security.DisallowedHost: Invalid HTTP_HOST header: 'api.retailtradescanner.com'. You may need to add 'api.retailtradescanner.com' to ALLOWED_HOSTS.
Traceback (most recent call last):
[2025-09-19 09:36:18,312] WARNING stocks.middleware_error: Request 1758299778292-2151877204704 returned 400
[2025-09-19 09:36:18,312] WARNING django.request: Bad Request: /
[19/Sep/2025 09:36:18] "GET / HTTP/1.1" 400 143
[2025-09-19 09:36:52,688] ERROR django.security.DisallowedHost: Invalid HTTP_HOST header: 'api.retailtradescanner.com'. You may need to add 'api.retailtradescanner.com' to ALLOWED_HOSTS.
Traceback (most recent call last):
[2025-09-19 09:36:52,710] WARNING stocks.middleware_error: Request 1758299812688-2151877207968 returned 400
[2025-09-19 09:36:52,710] WARNING django.request: Bad Request: /
[19/Sep/2025 09:36:52] "GET / HTTP/1.1" 400 143
[2025-09-19 09:36:53,300] ERROR django.security.DisallowedHost: Invalid HTTP_HOST header: 'api.retailtradescanner.com'. You may need to add 'api.retailtradescanner.com' to ALLOWED_HOSTS.
Traceback (most recent call last):
[2025-09-19 09:36:53,330] WARNING stocks.middleware_error: Request 1758299813300-2151873297904 returned 400
[2025-09-19 09:36:53,331] WARNING django.request: Bad Request: /api/
[19/Sep/2025 09:36:53] "GET /api/ HTTP/1.1" 400 143
[2025-09-19 09:36:53,381] ERROR django.security.DisallowedHost: Invalid HTTP_HOST header: 'api.retailtradescanner.com'. You may need to add 'api.retailtradescanner.com' to ALLOWED_HOSTS.
Traceback (most recent call last):
[2025-09-19 09:36:53,402] WARNING stocks.middleware_error: Request 1758299813381-2151877211504 returned 400
[2025-09-19 09:36:53,402] WARNING django.request: Bad Request: /api/
[19/Sep/2025 09:36:53] "GET /api/ HTTP/1.1" 400 143
[2025-09-19 09:37:18,617] ERROR django.security.DisallowedHost: Invalid HTTP_HOST header: 'api.retailtradescanner.com'. You may need to add 'api.retailtradescanner.com' to ALLOWED_HOSTS.
Traceback (most recent call last):
[2025-09-19 09:37:18,638] WARNING stocks.middleware_error: Request 1758299838617-2151877205248 returned 400
[2025-09-19 09:37:18,638] WARNING django.request: Bad Request: /
[19/Sep/2025 09:37:18] "GET / HTTP/1.1" 400 143
[2025-09-19 09:37:42,385] ERROR django.security.DisallowedHost: Invalid HTTP_HOST header: 'api.retailtradescanner.com'. You may need to add 'api.retailtradescanner.com' to ALLOWED_HOSTS.
Traceback (most recent call last):
[2025-09-19 09:37:42,405] WARNING stocks.middleware_error: Request 1758299862384-2151877207152 returned 400
[2025-09-19 09:37:42,405] WARNING django.request: Bad Request: /
[19/Sep/2025 09:37:42] "GET / HTTP/1.1" 400 143
[2025-09-19 13:35:14,905] ERROR django.security.DisallowedHost: Invalid HTTP_HOST header: 'api.retailtradescanner.com'. You may need to add 'api.retailtradescanner.com' to ALLOWED_HOSTS.
Traceback (most recent call last):
[2025-09-19 13:35:14,927] WARNING stocks.middleware_error: Request 1758314114905-2151877202800 returned 400
[2025-09-19 13:35:14,927] WARNING django.request: Bad Request: /
[19/Sep/2025 13:35:14] "GET / HTTP/1.1" 400 143
[2025-09-19 13:35:15,056] ERROR django.security.DisallowedHost: Invalid HTTP_HOST header: 'api.retailtradescanner.com'. You may need to add 'api.retailtradescanner.com' to ALLOWED_HOSTS.
Traceback (most recent call last):
[2025-09-19 13:35:15,082] WARNING stocks.middleware_error: Request 1758314115056-2151873298176 returned 400
[2025-09-19 13:35:15,082] WARNING django.request: Bad Request: /favicon.ico
[19/Sep/2025 13:35:15] "GET /favicon.ico HTTP/1.1" 400 143
[2025-09-19 13:35:15,350] ERROR django.security.DisallowedHost: Invalid HTTP_HOST header: 'api.retailtradescanner.com'. You may need to add 'api.retailtradescanner.com' to ALLOWED_HOSTS.
Traceback (most recent call last):
[2025-09-19 13:35:15,374] WARNING stocks.middleware_error: Request 1758314115350-2151877212592 returned 400
[2025-09-19 13:35:15,374] WARNING django.request: Bad Request: /
[19/Sep/2025 13:35:15] "GET / HTTP/1.1" 400 143
[2025-09-19 13:35:15,615] ERROR django.security.DisallowedHost: Invalid HTTP_HOST header: 'api.retailtradescanner.com'. You may need to add 'api.retailtradescanner.com' to ALLOWED_HOSTS.
Traceback (most recent call last):
[2025-09-19 13:35:15,636] WARNING stocks.middleware_error: Request 1758314115614-2151877210144 returned 400
[2025-09-19 13:35:15,636] WARNING django.request: Bad Request: /favicon.ico
[19/Sep/2025 13:35:15] "GET /favicon.ico HTTP/1.1" 400 143
[2025-09-19 18:00:47,556] ERROR django.security.DisallowedHost: Invalid HTTP_HOST header: 'api.retailtradescanner.com'. You may need to add 'api.retailtradescanner.com' to ALLOWED_HOSTS.
Traceback (most recent call last):
[2025-09-19 18:00:47,577] WARNING stocks.middleware_error: Request 1758330047556-2151877210688 returned 400
[2025-09-19 18:00:47,578] WARNING django.request: Bad Request: /robots.txt
[19/Sep/2025 18:00:47] "GET /robots.txt HTTP/1.1" 400 143
[2025-09-19 18:52:59,013] ERROR django.security.DisallowedHost: Invalid HTTP_HOST header: 'api.retailtradescanner.com'. You may need to add 'api.retailtradescanner.com' to ALLOWED_HOSTS.
Traceback (most recent call last):
[2025-09-19 18:52:59,114] WARNING stocks.middleware_error: Request 1758333179013-2151877212048 returned 400
[2025-09-19 18:52:59,114] WARNING django.request: Bad Request: /
[19/Sep/2025 18:52:59] "GET / HTTP/1.1" 400 143
[2025-09-20 02:11:49,430] ERROR django.security.DisallowedHost: Invalid HTTP_HOST header: 'api.retailtradescanner.com'. You may need to add 'api.retailtradescanner.com' to ALLOWED_HOSTS.
Traceback (most recent call last):
[2025-09-20 02:11:49,452] WARNING stocks.middleware_error: Request 1758359509429-2151877204704 returned 400
[2025-09-20 02:11:49,452] WARNING django.request: Bad Request: /sitemap.xml
[20/Sep/2025 02:11:49] "GET /sitemap.xml HTTP/1.1" 400 143
[2025-09-20 16:35:20,662] ERROR django.security.DisallowedHost: Invalid HTTP_HOST header: 'api.retailtradescanner.com'. You may need to add 'api.retailtradescanner.com' to ALLOWED_HOSTS.
Traceback (most recent call last):
[2025-09-20 16:35:20,771] WARNING stocks.middleware_error: Request 1758411320662-2151877199536 returned 400
[2025-09-20 16:35:20,771] WARNING django.request: Bad Request: /robots.txt
[20/Sep/2025 16:35:20] "GET /robots.txt HTTP/1.1" 400 143
Exception in thread django-main-thread:
Traceback (most recent call last):
Traceback (most recent call last):
Exception in thread django-main-thread:
Traceback (most recent call last):
Traceback (most recent call last):
Exception in thread django-main-thread:
Traceback (most recent call last):
Traceback (most recent call last):
